=== Bonding Curve Kani Individual Harness Results ===
--- inv_bc_001_round_trip_value_non_creation ---
error: no harnesses matched the harness filter: `inv_bc_001_round_trip_value_non_creation`
EXIT: 1

--- inv_bc_002_price_monotonicity ---
error: no harnesses matched the harness filter: `inv_bc_002_price_monotonicity`
EXIT: 1

--- inv_bc_003_input_monotonicity ---
error: no harnesses matched the harness filter: `inv_bc_003_input_monotonicity`
EXIT: 1

--- inv_bc_005_sell_tax_ceil_gte_floor ---
error: no harnesses matched the harness filter: `inv_bc_005_sell_tax_ceil_gte_floor`
EXIT: 1

--- inv_bc_006_sell_tax_no_overflow ---
error: no harnesses matched the harness filter: `inv_bc_006_sell_tax_no_overflow`
EXIT: 1

--- inv_bc_012_precision_no_overflow ---
error: no harnesses matched the harness filter: `inv_bc_012_precision_no_overflow`
EXIT: 1

--- inv_bc_013_wallet_cap_not_bypassed_partial_fill ---
error: no harnesses matched the harness filter: `inv_bc_013_wallet_cap_not_bypassed_partial_fill`
EXIT: 1

DONE
