=== Staking Kani Individual Harness Results ===
--- inv_sr_002_cumulative_monotonicity ---
error: no harnesses matched the harness filter: `inv_sr_002_cumulative_monotonicity`
EXIT: 1

--- inv_sr_003_no_panic_add_to_cumulative ---
error: no harnesses matched the harness filter: `inv_sr_003_no_panic_add_to_cumulative`
EXIT: 1

--- inv_sr_003_no_panic_update_rewards ---
error: no harnesses matched the harness filter: `inv_sr_003_no_panic_update_rewards`
EXIT: 1

--- inv_sr_006_zero_reward_epoch ---
error: no harnesses matched the harness filter: `inv_sr_006_zero_reward_epoch`
EXIT: 1

--- inv_sr_009_precision_delta_non_negative ---
error: no harnesses matched the harness filter: `inv_sr_009_precision_delta_non_negative`
EXIT: 1

--- inv_sr_012_u128_no_overflow_add_to_cumulative ---
error: no harnesses matched the harness filter: `inv_sr_012_u128_no_overflow_add_to_cumulative`
EXIT: 1

--- inv_sr_012_u128_no_overflow_update_rewards ---
error: no harnesses matched the harness filter: `inv_sr_012_u128_no_overflow_update_rewards`
EXIT: 1

--- inv_sr_018_precision_loss_bounded ---
error: no harnesses matched the harness filter: `inv_sr_018_precision_loss_bounded`
EXIT: 1

DONE
